<?xml version="1.0" encoding="utf-8"?><testsuites name="pytest tests"><testsuite name="pytest" errors="0" failures="0" skipped="3" tests="21" time="3.395" timestamp="2026-09-09T18:58:00.758847+00:00" hostname="agent-env-a9edc3b9-9b0f-4a73-b27f-f7fa00e0c7e1"><testcase classname="app.tests.test_otp_adapter_unit" name="test_send_posts_verifications_with_basic_auth" time="0.001" /><testcase classname="app.tests.test_sahaayak_api.TestAuthAndAccess" name="test_health_public" time="0.313" /><testcase classname="app.tests.test_otp_adapter_unit" name="test_check_requires_approved_and_valid_true" time="0.001" /><testcase classname="app.tests.test_otp_adapter_unit" name="test_missing_twilio_keys_fails_closed_503" time="0.000" /><testcase classname="app.tests.test_otp_adapter_unit" name="test_provider_error_never_approves_or_falls_back" time="0.000" /><testcase classname="app.tests.test_otp_adapter_unit" name="test_send_rejects_non_pending_twilio_response" time="0.001" /><testcase classname="app.tests.test_identity_camera_regression.TestOtpSecurityContracts" name="test_otp_unconfigured_returns_503_without_demo_fallback" time="0.350" /><testcase classname="app.tests.test_sahaayak_api.TestAuthAndAccess" name="test_me_requires_auth" time="0.306" /><testcase classname="app.tests.test_identity_camera_regression.TestOtpSecurityContracts" name="test_expert_phone_otp_request_is_blocked" time="0.173" /><testcase classname="app.tests.test_identity_camera_regression.TestOtpSecurityContracts" name="test_demo_expert_access_removed" time="0.168" /><testcase classname="app.tests.test_sahaayak_api.TestAuthAndAccess" name="test_expert_demo_removed" time="0.192" /><testcase classname="app.tests.test_sahaayak_api.TestAuthAndAccess" name="test_otp_unconfigured_fails_closed" time="0.154" /><testcase classname="app.tests.test_sahaayak_api.TestFarmerFlows" name="test_field_validation_errors" time="0.370" /><testcase classname="app.tests.test_sahaayak_api.TestAuthAndAccess" name="test_expert_login_success_and_no_secret_fields" time="0.172"><skipped type="pytest.skip" message="Expert login rate-limited in shared preview environment">/app/backend/app/tests/test_sahaayak_api.py:95: Expert login rate-limited in shared preview environment</skipped></testcase><testcase classname="app.tests.test_sahaayak_api.TestAuthAndAccess" name="test_expert_login_invalid_credentials_generic_401" time="0.206"><skipped type="pytest.skip" message="Expert login rate-limited in shared preview environment">/app/backend/app/tests/test_sahaayak_api.py:112: Expert login rate-limited in shared preview environment</skipped></testcase><testcase classname="app.tests.test_sahaayak_api.TestFarmerFlows" name="test_upload_duplicate_and_advisory_idempotency" time="0.768" /><testcase classname="app.tests.test_sahaayak_api.TestAuthAndAccess" name="test_public_config_no_private_secrets_and_maps_fallback" time="0.173" /><testcase classname="app.tests.test_sahaayak_api.TestAuthAndAccess" name="test_aadhaar_demo_contract_and_extra_payload_rejected" time="0.312" /><testcase classname="app.tests.test_sahaayak_api.TestWeatherApi" name="test_weather_live_and_validation_cases" time="0.514" /><testcase classname="app.tests.test_identity_camera_regression.TestCameraUploadWorkflow" name="test_camera_like_upload_id_used_in_advisory" time="0.645" /><testcase classname="app.tests.test_sahaayak_api.TestExpertReviewNotifications" name="test_review_creates_farmer_notification_and_owner_protection" time="0.236"><skipped type="pytest.skip" message="Expert login rate-limited in shared preview environment">/app/backend/app/tests/test_sahaayak_api.py:216: Expert login rate-limited in shared preview environment</skipped></testcase></testsuite></testsuites>