<?xml version="1.0" encoding="utf-8"?><testsuites name="pytest tests"><testsuite name="pytest" errors="0" failures="0" skipped="0" tests="12" time="7.852" timestamp="2026-09-09T15:54:33.612104+00:00" hostname="agent-env-a9edc3b9-9b0f-4a73-b27f-f7fa00e0c7e1"><testcase classname="app.tests.test_sahaayak_api.TestAuthAndAccess" name="test_health_public" time="0.228" /><testcase classname="app.tests.test_sahaayak_api.TestFarmerFlows" name="test_field_validation_errors" time="0.688" /><testcase classname="app.tests.test_sahaayak_api.TestAuthAndAccess" name="test_me_requires_auth" time="0.137" /><testcase classname="app.tests.test_sahaayak_api.TestAuthAndAccess" name="test_otp_success_for_new_number" time="0.233" /><testcase classname="app.tests.test_sahaayak_api.TestAuthAndAccess" name="test_otp_incorrect_code_and_lockout" time="0.812" /><testcase classname="app.tests.test_sahaayak_api.TestFarmerFlows" name="test_upload_validation_and_duplicate" time="0.441" /><testcase classname="app.tests.test_sahaayak_api.TestFarmerFlows" name="test_advisory_job_and_safe_result_and_idempotency" time="0.844" /><testcase classname="app.tests.test_sahaayak_api.TestAuthAndAccess" name="test_otp_replay_rejected" time="0.362" /><testcase classname="app.tests.test_sahaayak_api.TestAuthAndAccess" name="test_otp_unsupported_language_and_bad_phone" time="0.232" /><testcase classname="app.tests.test_sahaayak_api.TestFarmerFlows" name="test_translated_templates_hi_pa" time="1.931" /><testcase classname="app.tests.test_sahaayak_api.TestRBACAndExpertFlow" name="test_farmer_blocked_from_expert_api" time="0.236" /><testcase classname="app.tests.test_sahaayak_api.TestRBACAndExpertFlow" name="test_cross_owner_and_expert_review_controls" time="3.305" /></testsuite></testsuites>