<?xml version="1.0" encoding="utf-8"?><testsuites name="pytest tests"><testsuite name="pytest" errors="0" failures="0" skipped="0" tests="7" time="4.213" timestamp="2026-09-09T15:54:24.618227+00:00" hostname="agent-env-a9edc3b9-9b0f-4a73-b27f-f7fa00e0c7e1"><testcase classname="app.tests.test_identity_camera_regression.TestCameraUploadWorkflow" name="test_camera_like_upload_id_used_in_advisory" time="0.908" /><testcase classname="app.tests.test_identity_camera_regression.TestOtpNamePersistence" name="test_request_name_validation_rejects_invalid_values" time="0.983" /><testcase classname="app.tests.test_identity_camera_regression.TestOtpNamePersistence" name="test_multilingual_name_normalization_and_persistence" time="0.825" /><testcase classname="app.tests.test_identity_camera_regression.TestOtpNamePersistence" name="test_verify_payload_name_does_not_override_requested_name" time="0.247" /><testcase classname="app.tests.test_identity_camera_regression.TestOtpNamePersistence" name="test_failed_then_successful_verification_controls_name_updates" time="0.679" /><testcase classname="app.tests.test_identity_camera_regression.TestOtpNamePersistence" name="test_legacy_request_without_name_keeps_existing_name" time="0.742" /><testcase classname="app.tests.test_identity_camera_regression.TestOtpNamePersistence" name="test_expert_phone_otp_cannot_overwrite_fixture_name" time="0.398" /></testsuite></testsuites>